<?xml version="1.0" encoding="UTF-8"?>
<!-- Generated by org.testng.reporters.JUnitReportReporter -->
<testsuite hostname="CK-Laptop" name="test.com.LocationTest" tests="1" failures="0" timestamp="10 Apr 2018 17:12:17 GMT" time="26.174" errors="0">
  <testcase name="location" time="26.174" classname="test.com.LocationTest"/>
</testsuite> <!-- test.com.LocationTest -->
