<?xml version="1.0" encoding="UTF-8"?>
<!-- Generated by org.testng.reporters.JUnitReportReporter -->
<testsuite hostname="CK-Laptop" name="test.com.MilageTest" tests="1" failures="0" timestamp="10 Apr 2018 17:12:17 GMT" time="24.367" errors="0">
  <testcase name="mileageForm" time="24.367" classname="test.com.MilageTest"/>
</testsuite> <!-- test.com.MilageTest -->
