<?xml version="1.0" encoding="UTF-8"?>
<!-- Generated by org.testng.reporters.JUnitReportReporter -->
<testsuite hostname="CK-Laptop" name="test.com.MakeModelTest" tests="1" failures="0" timestamp="10 Apr 2018 17:12:17 GMT" time="165.217" errors="0">
  <testcase name="mmtForm" time="165.217" classname="test.com.MakeModelTest"/>
</testsuite> <!-- test.com.MakeModelTest -->
