<?xml version="1.0" encoding="UTF-8"?>
<!-- Generated by org.testng.reporters.JUnitReportReporter -->
<testsuite hostname="CK-Laptop" name="test.com.ListFeatTest" tests="1" failures="0" timestamp="10 Apr 2018 17:12:17 GMT" time="26.746" errors="0">
  <testcase name="listingfeaturesForm" time="26.746" classname="test.com.ListFeatTest"/>
</testsuite> <!-- test.com.ListFeatTest -->
