<?xml version="1.0" encoding="UTF-8"?>
<!-- Generated by org.testng.reporters.JUnitReportReporter -->
<testsuite hostname="CK-Laptop" name="test.com.PriceTest" tests="1" failures="0" timestamp="10 Apr 2018 17:12:17 GMT" time="84.687" errors="0">
  <testcase name="priceCompare" time="84.687" classname="test.com.PriceTest"/>
</testsuite> <!-- test.com.PriceTest -->
