<?xml version="1.0" encoding="UTF-8"?>
<!-- Generated by org.testng.reporters.JUnitReportReporter -->
<testsuite hostname="CK-Laptop" name="test.com.StyleTest" tests="1" failures="0" timestamp="10 Apr 2018 17:12:17 GMT" time="53.911" errors="0">
  <testcase name="styleForm1" time="53.911" classname="test.com.StyleTest"/>
</testsuite> <!-- test.com.StyleTest -->
