<?xml version="1.0" encoding="UTF-8"?>
<!-- Generated by org.testng.reporters.JUnitReportReporter -->
<testsuite hostname="CK-Laptop" name="test.com.AutoTraderFillTest" tests="1" failures="0" timestamp="10 Apr 2018 17:12:17 GMT" time="46.374" errors="0">
  <testcase name="fillForm" time="46.374" classname="test.com.AutoTraderFillTest"/>
</testsuite> <!-- test.com.AutoTraderFillTest -->
