<?xml version="1.0" encoding="UTF-8"?>
<!-- Generated by org.testng.reporters.JUnitReportReporter -->
<testsuite hostname="CK-Laptop" name="test.com.YearTest" tests="1" failures="0" timestamp="10 Apr 2018 17:12:17 GMT" time="68.900" errors="0">
  <testcase name="yearForm" time="68.900" classname="test.com.YearTest"/>
</testsuite> <!-- test.com.YearTest -->
