<?xml version="1.0" encoding="UTF-8"?>
<!-- Generated by org.testng.reporters.JUnitReportReporter -->
<testsuite hostname="CK-Laptop" name="test.com.FuelTest" tests="1" failures="0" timestamp="10 Apr 2018 17:12:17 GMT" time="23.838" errors="0">
  <testcase name="fueleconForm" time="23.838" classname="test.com.FuelTest"/>
</testsuite> <!-- test.com.FuelTest -->
