<?xml version="1.0" encoding="UTF-8"?>
<!-- Generated by org.testng.reporters.JUnitReportReporter -->
<testsuite hostname="CK-Laptop" name="test.com.CondTest" tests="1" failures="0" timestamp="10 Apr 2018 23:43:31 GMT" time="22.323" errors="0">
  <testcase name="condForm" time="22.323" classname="test.com.CondTest"/>
</testsuite> <!-- test.com.CondTest -->
