<?xml version="1.0" encoding="UTF-8"?>
<!-- Generated by org.testng.reporters.JUnitReportReporter -->
<testsuite hostname="CK-Laptop" name="test.com.SellersTest" tests="1" failures="0" timestamp="10 Apr 2018 17:12:17 GMT" time="25.407" errors="0">
  <testcase name="sellersForm" time="25.407" classname="test.com.SellersTest"/>
</testsuite> <!-- test.com.SellersTest -->
