<?xml version="1.0" encoding="UTF-8"?>
<!-- Generated by org.testng.reporters.JUnitReportReporter -->
<testsuite hostname="CK-Laptop" name="test.com.FeatureTest" tests="1" failures="0" timestamp="10 Apr 2018 23:06:14 GMT" time="38.172" errors="0">
  <testcase name="test" time="38.172" classname="test.com.FeatureTest"/>
</testsuite> <!-- test.com.FeatureTest -->
