<?xml version="1.0" encoding="UTF-8"?>
<!-- Generated by org.testng.reporters.JUnitReportReporter -->
<testsuite hostname="CK-Laptop" name="test.com.SpecTest" tests="1" failures="0" timestamp="10 Apr 2018 17:12:17 GMT" time="293.846" errors="0">
  <testcase name="test" time="293.846" classname="test.com.SpecTest"/>
</testsuite> <!-- test.com.SpecTest -->
