<?xml version="1.0" encoding="UTF-8"?>
<!-- Generated by org.testng.reporters.JUnitReportReporter -->
<testsuite hostname="CK-Laptop" name="test.com.DriveTypeTest" tests="1" failures="0" timestamp="10 Apr 2018 17:12:17 GMT" time="25.822" errors="0">
  <testcase name="drivetypeForm" time="25.822" classname="test.com.DriveTypeTest"/>
</testsuite> <!-- test.com.DriveTypeTest -->
