<?xml version="1.0" encoding="UTF-8"?>
<!-- Generated by org.testng.reporters.JUnitReportReporter -->
<testsuite hostname="CK-Laptop" name="test.com.ZipCodeTest" tests="1" failures="0" timestamp="10 Apr 2018 17:12:17 GMT" time="20.904" errors="0">
  <testcase name="zipcode" time="20.904" classname="test.com.ZipCodeTest"/>
</testsuite> <!-- test.com.ZipCodeTest -->
