<?xml version="1.0" encoding="UTF-8"?>
<!-- Generated by org.testng.reporters.JUnitReportReporter -->
<testsuite hostname="CK-Laptop" name="test.com.TitleTest" tests="1" failures="0" timestamp="10 Apr 2018 17:12:17 GMT" time="68.046" errors="0">
  <testcase name="MainTitle" time="68.046" classname="test.com.TitleTest"/>
</testsuite> <!-- test.com.TitleTest -->
